<?xml version="1.0" encoding="UTF-8"?>
<!-- Generated by org.testng.reporters.JUnitReportReporter -->
<testsuite hostname="ANAND-PC" name="AllTestScripts.Home_dashlet" tests="1" failures="0" timestamp="8 Feb 2018 05:27:38 GMT" time="18.672" errors="0">
  <testcase name="testing" time="18.672" classname="AllTestScripts.Home_dashlet"/>
</testsuite> <!-- AllTestScripts.Home_dashlet -->
