<?xml version="1.0" encoding="UTF-8"?>
<!-- Generated by org.testng.reporters.JUnitReportReporter -->
<testsuite hostname="ANAND-PC" name="AllTestScripts.claimStatusSummaryDashlet" tests="1" failures="0" timestamp="8 Feb 2018 07:20:52 GMT" time="51.107" errors="0">
  <testcase name="verifyClaimStatusSummaryDashlet" time="51.107" classname="AllTestScripts.claimStatusSummaryDashlet"/>
</testsuite> <!-- AllTestScripts.claimStatusSummaryDashlet -->
