<?xml version="1.0" encoding="UTF-8"?>
<!-- Generated by org.testng.reporters.JUnitReportReporter -->
<testsuite hostname="ANAND-PC" name="AllTestScripts.demo" tests="1" failures="0" timestamp="16 Feb 2018 05:16:29 GMT" time="147.541" errors="0">
  <testcase name="testing" time="147.541" classname="AllTestScripts.demo"/>
</testsuite> <!-- AllTestScripts.demo -->
